2020-04-10 18:32:21,853 : INFO  : Namespace(add_face=None, configure=None, delete_face=None, list=False, recognise=False, reset=True)
2020-04-10 18:32:21,854 : INFO  : reseting application
2020-04-10 18:32:22,155 : INFO  : application reset
2020-04-10 18:32:22,168 : DEBUG  : ShelfFile [('faces', []), ('path', '')]
2020-04-10 18:32:22,183 : INFO  : Application is exiting
2020-04-10 18:54:23,048 : INFO  : Namespace(add_face=None, configure='E:/Facial-Recognition', delete_face=None, list=False, recognise=False, reset=False)
2020-04-10 18:54:23,049 : INFO  : Configuring
2020-04-10 18:54:23,070 : DEBUG  : Contents of shelve: [('faces', []), ('path', 'E:/Facial-Recognition')]
2020-04-10 18:54:23,070 : INFO  : Configured
2020-04-10 18:54:23,070 : DEBUG  : ShelfFile [('faces', []), ('path', 'E:/Facial-Recognition')]
2020-04-10 18:54:23,075 : INFO  : Application is exiting
2020-04-10 18:54:59,404 : INFO  : Namespace(add_face='jayesh', configure=None, delete_face=None, list=False, recognise=False, reset=False)
2020-04-10 18:54:59,405 : INFO  : Adding Face
2020-04-10 18:54:59,405 : INFO  : Starting to capture images
2020-04-10 18:55:02,891 : DEBUG  : saved1
2020-04-10 18:55:02,976 : DEBUG  : saved2
2020-04-10 18:55:03,060 : DEBUG  : saved3
2020-04-10 18:55:03,138 : DEBUG  : saved4
2020-04-10 18:55:03,217 : DEBUG  : saved5
2020-04-10 18:55:03,281 : DEBUG  : saved6
2020-04-10 18:55:03,346 : DEBUG  : saved7
2020-04-10 18:55:03,411 : DEBUG  : saved8
2020-04-10 18:55:03,475 : DEBUG  : saved9
2020-04-10 18:55:03,540 : DEBUG  : saved10
2020-04-10 18:55:03,605 : DEBUG  : saved11
2020-04-10 18:55:03,666 : DEBUG  : saved12
2020-04-10 18:55:03,727 : DEBUG  : saved13
2020-04-10 18:55:03,789 : DEBUG  : saved14
2020-04-10 18:55:03,853 : DEBUG  : saved15
2020-04-10 18:55:03,920 : DEBUG  : saved16
2020-04-10 18:55:03,987 : DEBUG  : saved17
2020-04-10 18:55:04,056 : DEBUG  : saved18
2020-04-10 18:55:04,125 : DEBUG  : saved19
2020-04-10 18:55:04,207 : DEBUG  : saved20
2020-04-10 18:55:04,337 : DEBUG  : saved21
2020-04-10 18:55:04,406 : DEBUG  : saved22
2020-04-10 18:55:04,476 : DEBUG  : saved23
2020-04-10 18:55:04,545 : DEBUG  : saved24
2020-04-10 18:55:04,615 : DEBUG  : saved25
2020-04-10 18:55:04,696 : DEBUG  : saved26
2020-04-10 18:55:04,763 : DEBUG  : saved27
2020-04-10 18:55:04,832 : DEBUG  : saved28
2020-04-10 18:55:04,903 : DEBUG  : saved29
2020-04-10 18:55:04,970 : DEBUG  : saved30
2020-04-10 18:55:05,040 : DEBUG  : saved31
2020-04-10 18:55:05,114 : DEBUG  : saved32
2020-04-10 18:55:05,182 : DEBUG  : saved33
2020-04-10 18:55:05,264 : DEBUG  : saved34
2020-04-10 18:55:05,333 : DEBUG  : saved35
2020-04-10 18:55:05,469 : DEBUG  : saved36
2020-04-10 18:55:05,544 : DEBUG  : saved37
2020-04-10 18:55:05,614 : DEBUG  : saved38
2020-04-10 18:55:05,712 : DEBUG  : saved39
2020-04-10 18:55:05,807 : DEBUG  : saved40
2020-04-10 18:55:05,875 : DEBUG  : saved41
2020-04-10 18:55:05,963 : DEBUG  : saved42
2020-04-10 18:55:06,058 : DEBUG  : saved43
2020-04-10 18:55:06,162 : DEBUG  : saved44
2020-04-10 18:55:06,241 : DEBUG  : saved45
2020-04-10 18:55:06,313 : DEBUG  : saved46
2020-04-10 18:55:06,395 : DEBUG  : saved47
2020-04-10 18:55:06,464 : DEBUG  : saved48
2020-04-10 18:55:06,551 : DEBUG  : saved49
2020-04-10 18:55:06,650 : DEBUG  : saved50
2020-04-10 18:55:06,735 : DEBUG  : saved51
2020-04-10 18:55:06,814 : DEBUG  : saved52
2020-04-10 18:55:06,881 : DEBUG  : saved53
2020-04-10 18:55:06,948 : DEBUG  : saved54
2020-04-10 18:55:07,014 : DEBUG  : saved55
2020-04-10 18:55:07,092 : DEBUG  : saved56
2020-04-10 18:55:07,165 : DEBUG  : saved57
2020-04-10 18:55:07,231 : DEBUG  : saved58
2020-04-10 18:55:07,299 : DEBUG  : saved59
2020-04-10 18:55:07,364 : DEBUG  : saved60
2020-04-10 18:55:07,435 : DEBUG  : saved61
2020-04-10 18:55:07,506 : DEBUG  : saved62
2020-04-10 18:55:07,587 : DEBUG  : saved63
2020-04-10 18:55:07,653 : DEBUG  : saved64
2020-04-10 18:55:07,777 : DEBUG  : saved65
2020-04-10 18:55:07,860 : DEBUG  : saved66
2020-04-10 18:55:07,941 : DEBUG  : saved67
2020-04-10 18:55:08,010 : DEBUG  : saved68
2020-04-10 18:55:08,077 : DEBUG  : saved69
2020-04-10 18:55:08,142 : DEBUG  : saved70
2020-04-10 18:55:08,207 : DEBUG  : saved71
2020-04-10 18:55:08,288 : DEBUG  : saved72
2020-04-10 18:55:08,357 : DEBUG  : saved73
2020-04-10 18:55:08,425 : DEBUG  : saved74
2020-04-10 18:55:08,492 : DEBUG  : saved75
2020-04-10 18:55:08,555 : DEBUG  : saved76
2020-04-10 18:55:08,619 : DEBUG  : saved77
2020-04-10 18:55:08,687 : DEBUG  : saved78
2020-04-10 18:55:08,771 : DEBUG  : saved79
2020-04-10 18:55:08,852 : DEBUG  : saved80
2020-04-10 18:55:08,983 : DEBUG  : saved81
2020-04-10 18:55:09,051 : DEBUG  : saved82
2020-04-10 18:55:09,132 : DEBUG  : saved83
2020-04-10 18:55:09,222 : DEBUG  : saved84
2020-04-10 18:55:09,286 : DEBUG  : saved85
2020-04-10 18:55:09,345 : DEBUG  : saved86
2020-04-10 18:55:09,401 : DEBUG  : saved87
2020-04-10 18:55:09,456 : DEBUG  : saved88
2020-04-10 18:55:09,523 : DEBUG  : saved89
2020-04-10 18:55:09,580 : DEBUG  : saved90
2020-04-10 18:55:09,635 : DEBUG  : saved91
2020-04-10 18:55:09,684 : DEBUG  : saved92
2020-04-10 18:55:09,746 : DEBUG  : saved93
2020-04-10 18:55:09,802 : DEBUG  : saved94
2020-04-10 18:55:09,855 : DEBUG  : saved95
2020-04-10 18:55:09,906 : DEBUG  : saved96
2020-04-10 18:55:09,960 : DEBUG  : saved97
2020-04-10 18:55:10,016 : DEBUG  : saved98
2020-04-10 18:55:10,069 : DEBUG  : saved99
2020-04-10 18:55:10,124 : DEBUG  : saved100
2020-04-10 18:55:10,193 : DEBUG  : saved101
2020-04-10 18:55:10,240 : DEBUG  : saved102
2020-04-10 18:55:10,292 : DEBUG  : saved103
2020-04-10 18:55:10,344 : DEBUG  : saved104
2020-04-10 18:55:10,397 : DEBUG  : saved105
2020-04-10 18:55:10,447 : DEBUG  : saved106
2020-04-10 18:55:10,494 : DEBUG  : saved107
2020-04-10 18:55:10,541 : DEBUG  : saved108
2020-04-10 18:55:10,590 : DEBUG  : saved109
2020-04-10 18:55:10,640 : DEBUG  : saved110
2020-04-10 18:55:10,690 : DEBUG  : saved111
2020-04-10 18:55:10,742 : DEBUG  : saved112
2020-04-10 18:55:10,796 : DEBUG  : saved113
2020-04-10 18:55:10,856 : DEBUG  : saved114
2020-04-10 18:55:10,915 : DEBUG  : saved115
2020-04-10 18:55:10,966 : DEBUG  : saved116
2020-04-10 18:55:11,021 : DEBUG  : saved117
2020-04-10 18:55:11,089 : DEBUG  : saved118
2020-04-10 18:55:11,149 : DEBUG  : saved119
2020-04-10 18:55:11,216 : DEBUG  : saved120
2020-04-10 18:55:11,327 : DEBUG  : saved121
2020-04-10 18:55:11,392 : DEBUG  : saved122
2020-04-10 18:55:11,457 : DEBUG  : saved123
2020-04-10 18:55:11,523 : DEBUG  : saved124
2020-04-10 18:55:11,585 : DEBUG  : saved125
2020-04-10 18:55:11,652 : DEBUG  : saved126
2020-04-10 18:55:11,720 : DEBUG  : saved127
2020-04-10 18:55:11,787 : DEBUG  : saved128
2020-04-10 18:55:11,851 : DEBUG  : saved129
2020-04-10 18:55:11,916 : DEBUG  : saved130
2020-04-10 18:55:11,981 : DEBUG  : saved131
2020-04-10 18:55:12,043 : DEBUG  : saved132
2020-04-10 18:55:12,104 : DEBUG  : saved133
2020-04-10 18:55:12,169 : DEBUG  : saved134
2020-04-10 18:55:12,235 : DEBUG  : saved135
2020-04-10 18:55:12,299 : DEBUG  : saved136
2020-04-10 18:55:12,367 : DEBUG  : saved137
2020-04-10 18:55:12,450 : DEBUG  : saved138
2020-04-10 18:55:12,541 : DEBUG  : saved139
2020-04-10 18:55:12,614 : DEBUG  : saved140
2020-04-10 18:55:12,682 : DEBUG  : saved141
2020-04-10 18:55:12,749 : DEBUG  : saved142
2020-04-10 18:55:12,817 : DEBUG  : saved143
2020-04-10 18:55:12,880 : DEBUG  : saved144
2020-04-10 18:55:12,943 : DEBUG  : saved145
2020-04-10 18:55:13,006 : DEBUG  : saved146
2020-04-10 18:55:13,074 : DEBUG  : saved147
2020-04-10 18:55:13,142 : DEBUG  : saved148
2020-04-10 18:55:13,211 : DEBUG  : saved149
2020-04-10 18:55:13,276 : DEBUG  : saved150
2020-04-10 18:55:13,344 : DEBUG  : saved151
2020-04-10 18:55:13,411 : DEBUG  : saved152
2020-04-10 18:55:13,473 : DEBUG  : saved153
2020-04-10 18:55:13,539 : DEBUG  : saved154
2020-04-10 18:55:13,619 : DEBUG  : saved155
2020-04-10 18:55:13,704 : DEBUG  : saved156
2020-04-10 18:55:13,769 : DEBUG  : saved157
2020-04-10 18:55:13,832 : DEBUG  : saved158
2020-04-10 18:55:13,894 : DEBUG  : saved159
2020-04-10 18:55:13,958 : DEBUG  : saved160
2020-04-10 18:55:14,017 : DEBUG  : saved161
2020-04-10 18:55:14,079 : DEBUG  : saved162
2020-04-10 18:55:14,141 : DEBUG  : saved163
2020-04-10 18:55:14,204 : DEBUG  : saved164
2020-04-10 18:55:14,268 : DEBUG  : saved165
2020-04-10 18:55:14,335 : DEBUG  : saved166
2020-04-10 18:55:14,399 : DEBUG  : saved167
2020-04-10 18:55:14,463 : DEBUG  : saved168
2020-04-10 18:55:14,529 : DEBUG  : saved169
2020-04-10 18:55:14,601 : DEBUG  : saved170
2020-04-10 18:55:14,665 : DEBUG  : saved171
2020-04-10 18:55:14,729 : DEBUG  : saved172
2020-04-10 18:55:14,831 : DEBUG  : saved173
2020-04-10 18:55:14,895 : DEBUG  : saved174
2020-04-10 18:55:14,957 : DEBUG  : saved175
2020-04-10 18:55:15,030 : DEBUG  : saved176
2020-04-10 18:55:15,103 : DEBUG  : saved177
2020-04-10 18:55:15,175 : DEBUG  : saved178
2020-04-10 18:55:15,233 : DEBUG  : saved179
2020-04-10 18:55:15,294 : DEBUG  : saved180
2020-04-10 18:55:15,356 : DEBUG  : saved181
2020-04-10 18:55:15,422 : DEBUG  : saved182
2020-04-10 18:55:15,509 : DEBUG  : saved183
2020-04-10 18:55:15,576 : DEBUG  : saved184
2020-04-10 18:55:15,643 : DEBUG  : saved185
2020-04-10 18:55:15,711 : DEBUG  : saved186
2020-04-10 18:55:15,781 : DEBUG  : saved187
2020-04-10 18:55:15,864 : DEBUG  : saved188
2020-04-10 18:55:15,936 : DEBUG  : saved189
2020-04-10 18:55:16,017 : DEBUG  : saved190
2020-04-10 18:55:16,082 : DEBUG  : saved191
2020-04-10 18:55:16,139 : DEBUG  : saved192
2020-04-10 18:55:16,200 : DEBUG  : saved193
2020-04-10 18:55:16,265 : DEBUG  : saved194
2020-04-10 18:55:16,314 : DEBUG  : saved195
2020-04-10 18:55:16,366 : DEBUG  : saved196
2020-04-10 18:55:16,416 : DEBUG  : saved197
2020-04-10 18:55:16,465 : DEBUG  : saved198
2020-04-10 18:55:16,521 : DEBUG  : saved199
2020-04-10 18:55:16,575 : DEBUG  : saved200
2020-04-10 18:55:16,630 : DEBUG  : saved201
2020-04-10 18:55:16,684 : DEBUG  : saved202
2020-04-10 18:55:16,739 : DEBUG  : saved203
2020-04-10 18:55:16,789 : DEBUG  : saved204
2020-04-10 18:55:16,846 : DEBUG  : saved205
2020-04-10 18:55:16,896 : DEBUG  : saved206
2020-04-10 18:55:16,956 : DEBUG  : saved207
2020-04-10 18:55:17,007 : DEBUG  : saved208
2020-04-10 18:55:17,066 : DEBUG  : saved209
2020-04-10 18:55:17,153 : DEBUG  : saved210
2020-04-10 18:55:17,225 : DEBUG  : saved211
2020-04-10 18:55:17,286 : DEBUG  : saved212
2020-04-10 18:55:17,349 : DEBUG  : saved213
2020-04-10 18:55:17,410 : DEBUG  : saved214
2020-04-10 18:55:17,473 : DEBUG  : saved215
2020-04-10 18:55:17,536 : DEBUG  : saved216
2020-04-10 18:55:17,597 : DEBUG  : saved217
2020-04-10 18:55:17,659 : DEBUG  : saved218
2020-04-10 18:55:17,722 : DEBUG  : saved219
2020-04-10 18:55:17,785 : DEBUG  : saved220
2020-04-10 18:55:17,847 : DEBUG  : saved221
2020-04-10 18:55:17,904 : DEBUG  : saved222
2020-04-10 18:55:17,961 : DEBUG  : saved223
2020-04-10 18:55:18,018 : DEBUG  : saved224
2020-04-10 18:55:18,077 : DEBUG  : saved225
2020-04-10 18:55:18,136 : DEBUG  : saved226
2020-04-10 18:55:18,204 : DEBUG  : saved227
2020-04-10 18:55:18,280 : DEBUG  : saved228
2020-04-10 18:55:18,364 : DEBUG  : saved229
2020-04-10 18:55:18,426 : DEBUG  : saved230
2020-04-10 18:55:18,492 : DEBUG  : saved231
2020-04-10 18:55:18,556 : DEBUG  : saved232
2020-04-10 18:55:18,623 : DEBUG  : saved233
2020-04-10 18:55:18,689 : DEBUG  : saved234
2020-04-10 18:55:18,761 : DEBUG  : saved235
2020-04-10 18:55:18,832 : DEBUG  : saved236
2020-04-10 18:55:18,900 : DEBUG  : saved237
2020-04-10 18:55:18,968 : DEBUG  : saved238
2020-04-10 18:55:19,035 : DEBUG  : saved239
2020-04-10 18:55:19,098 : DEBUG  : saved240
2020-04-10 18:55:19,164 : DEBUG  : saved241
2020-04-10 18:55:19,226 : DEBUG  : saved242
2020-04-10 18:55:19,289 : DEBUG  : saved243
2020-04-10 18:55:19,355 : DEBUG  : saved244
2020-04-10 18:55:19,434 : DEBUG  : saved245
2020-04-10 18:55:19,512 : DEBUG  : saved246
2020-04-10 18:55:19,576 : DEBUG  : saved247
2020-04-10 18:55:19,633 : DEBUG  : saved248
2020-04-10 18:55:19,691 : DEBUG  : saved249
2020-04-10 18:55:19,760 : DEBUG  : saved250
2020-04-10 18:55:19,776 : INFO  : images captured
2020-04-10 18:55:19,777 : INFO  : training started
2020-04-10 18:55:19,797 : DEBUG  : ['jayesh']
2020-04-10 18:55:19,797 : INFO  : training completed
2020-04-10 18:55:19,799 : DEBUG  : ShelfFile [('faces', ['jayesh']), ('path', 'E:/Facial-Recognition')]
2020-04-10 18:55:19,806 : INFO  : Application is exiting
2020-04-10 18:55:36,600 : INFO  : Namespace(add_face='ritvik', configure=None, delete_face=None, list=False, recognise=False, reset=False)
2020-04-10 18:55:36,602 : INFO  : Adding Face
2020-04-10 18:55:36,602 : INFO  : Starting to capture images
2020-04-10 18:55:38,958 : DEBUG  : saved1
2020-04-10 18:55:39,046 : DEBUG  : saved2
2020-04-10 18:55:39,120 : DEBUG  : saved3
2020-04-10 18:55:39,176 : DEBUG  : saved4
2020-04-10 18:55:39,234 : DEBUG  : saved5
2020-04-10 18:55:39,300 : DEBUG  : saved6
2020-04-10 18:55:39,366 : DEBUG  : saved7
2020-04-10 18:55:39,430 : DEBUG  : saved8
2020-04-10 18:55:39,497 : DEBUG  : saved9
2020-04-10 18:55:39,554 : DEBUG  : saved10
2020-04-10 18:55:39,624 : DEBUG  : saved11
2020-04-10 18:55:39,687 : DEBUG  : saved12
2020-04-10 18:55:39,771 : DEBUG  : saved13
2020-04-10 18:55:39,844 : DEBUG  : saved14
2020-04-10 18:55:39,912 : DEBUG  : saved15
2020-04-10 18:55:39,969 : DEBUG  : saved16
2020-04-10 18:55:40,028 : DEBUG  : saved17
2020-04-10 18:55:40,097 : DEBUG  : saved18
2020-04-10 18:55:40,172 : DEBUG  : saved19
2020-04-10 18:55:40,240 : DEBUG  : saved20
2020-04-10 18:55:40,296 : DEBUG  : saved21
2020-04-10 18:55:40,360 : DEBUG  : saved22
2020-04-10 18:55:40,418 : DEBUG  : saved23
2020-04-10 18:55:40,475 : DEBUG  : saved24
2020-04-10 18:55:40,534 : DEBUG  : saved25
2020-04-10 18:55:40,592 : DEBUG  : saved26
2020-04-10 18:55:40,649 : DEBUG  : saved27
2020-04-10 18:55:40,714 : DEBUG  : saved28
2020-04-10 18:55:40,780 : DEBUG  : saved29
2020-04-10 18:55:40,837 : DEBUG  : saved30
2020-04-10 18:55:40,909 : DEBUG  : saved31
2020-04-10 18:55:40,983 : DEBUG  : saved32
2020-04-10 18:55:41,049 : DEBUG  : saved33
2020-04-10 18:55:41,114 : DEBUG  : saved34
2020-04-10 18:55:41,170 : DEBUG  : saved35
2020-04-10 18:55:41,228 : DEBUG  : saved36
2020-04-10 18:55:41,286 : DEBUG  : saved37
2020-04-10 18:55:41,340 : DEBUG  : saved38
2020-04-10 18:55:41,406 : DEBUG  : saved39
2020-04-10 18:55:41,463 : DEBUG  : saved40
2020-04-10 18:55:41,520 : DEBUG  : saved41
2020-04-10 18:55:41,583 : DEBUG  : saved42
2020-04-10 18:55:41,640 : DEBUG  : saved43
2020-04-10 18:55:41,697 : DEBUG  : saved44
2020-04-10 18:55:41,754 : DEBUG  : saved45
2020-04-10 18:55:41,813 : DEBUG  : saved46
2020-04-10 18:55:41,870 : DEBUG  : saved47
2020-04-10 18:55:41,926 : DEBUG  : saved48
2020-04-10 18:55:41,993 : DEBUG  : saved49
2020-04-10 18:55:42,051 : DEBUG  : saved50
2020-04-10 18:55:42,127 : DEBUG  : saved51
2020-04-10 18:55:42,202 : DEBUG  : saved52
2020-04-10 18:55:42,269 : DEBUG  : saved53
2020-04-10 18:55:42,326 : DEBUG  : saved54
2020-04-10 18:55:42,383 : DEBUG  : saved55
2020-04-10 18:55:42,440 : DEBUG  : saved56
2020-04-10 18:55:42,508 : DEBUG  : saved57
2020-04-10 18:55:42,565 : DEBUG  : saved58
2020-04-10 18:55:42,620 : DEBUG  : saved59
2020-04-10 18:55:42,677 : DEBUG  : saved60
2020-04-10 18:55:42,735 : DEBUG  : saved61
2020-04-10 18:55:42,788 : DEBUG  : saved62
2020-04-10 18:55:42,871 : DEBUG  : saved63
2020-04-10 18:55:42,929 : DEBUG  : saved64
2020-04-10 18:55:42,994 : DEBUG  : saved65
2020-04-10 18:55:43,059 : DEBUG  : saved66
2020-04-10 18:55:43,123 : DEBUG  : saved67
2020-04-10 18:55:43,180 : DEBUG  : saved68
2020-04-10 18:55:43,236 : DEBUG  : saved69
2020-04-10 18:55:43,302 : DEBUG  : saved70
2020-04-10 18:55:43,374 : DEBUG  : saved71
2020-04-10 18:55:43,449 : DEBUG  : saved72
2020-04-10 18:55:43,507 : DEBUG  : saved73
2020-04-10 18:55:43,574 : DEBUG  : saved74
2020-04-10 18:55:43,631 : DEBUG  : saved75
2020-04-10 18:55:43,687 : DEBUG  : saved76
2020-04-10 18:55:43,744 : DEBUG  : saved77
2020-04-10 18:55:43,801 : DEBUG  : saved78
2020-04-10 18:55:43,857 : DEBUG  : saved79
2020-04-10 18:55:43,913 : DEBUG  : saved80
2020-04-10 18:55:43,971 : DEBUG  : saved81
2020-04-10 18:55:44,028 : DEBUG  : saved82
2020-04-10 18:55:44,087 : DEBUG  : saved83
2020-04-10 18:55:44,200 : DEBUG  : saved84
2020-04-10 18:55:44,264 : DEBUG  : saved85
2020-04-10 18:55:44,320 : DEBUG  : saved86
2020-04-10 18:55:44,375 : DEBUG  : saved87
2020-04-10 18:55:44,430 : DEBUG  : saved88
2020-04-10 18:55:44,489 : DEBUG  : saved89
2020-04-10 18:55:44,564 : DEBUG  : saved90
2020-04-10 18:55:44,638 : DEBUG  : saved91
2020-04-10 18:55:44,699 : DEBUG  : saved92
2020-04-10 18:55:44,756 : DEBUG  : saved93
2020-04-10 18:55:44,811 : DEBUG  : saved94
2020-04-10 18:55:44,867 : DEBUG  : saved95
2020-04-10 18:55:44,923 : DEBUG  : saved96
2020-04-10 18:55:44,981 : DEBUG  : saved97
2020-04-10 18:55:45,045 : DEBUG  : saved98
2020-04-10 18:55:45,110 : DEBUG  : saved99
2020-04-10 18:55:45,173 : DEBUG  : saved100
2020-04-10 18:55:45,230 : DEBUG  : saved101
2020-04-10 18:55:45,287 : DEBUG  : saved102
2020-04-10 18:55:45,353 : DEBUG  : saved103
2020-04-10 18:55:45,408 : DEBUG  : saved104
2020-04-10 18:55:45,463 : DEBUG  : saved105
2020-04-10 18:55:45,529 : DEBUG  : saved106
2020-04-10 18:55:45,591 : DEBUG  : saved107
2020-04-10 18:55:45,646 : DEBUG  : saved108
2020-04-10 18:55:45,710 : DEBUG  : saved109
2020-04-10 18:55:45,780 : DEBUG  : saved110
2020-04-10 18:55:45,858 : DEBUG  : saved111
2020-04-10 18:55:45,920 : DEBUG  : saved112
2020-04-10 18:55:45,975 : DEBUG  : saved113
2020-04-10 18:55:46,032 : DEBUG  : saved114
2020-04-10 18:55:46,089 : DEBUG  : saved115
2020-04-10 18:55:46,156 : DEBUG  : saved116
2020-04-10 18:55:46,212 : DEBUG  : saved117
2020-04-10 18:55:46,269 : DEBUG  : saved118
2020-04-10 18:55:46,331 : DEBUG  : saved119
2020-04-10 18:55:46,388 : DEBUG  : saved120
2020-04-10 18:55:46,450 : DEBUG  : saved121
2020-04-10 18:55:46,512 : DEBUG  : saved122
2020-04-10 18:55:46,568 : DEBUG  : saved123
2020-04-10 18:55:46,626 : DEBUG  : saved124
2020-04-10 18:55:46,683 : DEBUG  : saved125
2020-04-10 18:55:46,748 : DEBUG  : saved126
2020-04-10 18:55:46,815 : DEBUG  : saved127
2020-04-10 18:55:46,874 : DEBUG  : saved128
2020-04-10 18:55:46,945 : DEBUG  : saved129
2020-04-10 18:55:47,018 : DEBUG  : saved130
2020-04-10 18:55:47,092 : DEBUG  : saved131
2020-04-10 18:55:47,151 : DEBUG  : saved132
2020-04-10 18:55:47,208 : DEBUG  : saved133
2020-04-10 18:55:47,264 : DEBUG  : saved134
2020-04-10 18:55:47,361 : DEBUG  : saved135
2020-04-10 18:55:47,457 : DEBUG  : saved136
2020-04-10 18:55:47,512 : DEBUG  : saved137
2020-04-10 18:55:47,580 : DEBUG  : saved138
2020-04-10 18:55:47,637 : DEBUG  : saved139
2020-04-10 18:55:47,693 : DEBUG  : saved140
2020-04-10 18:55:47,749 : DEBUG  : saved141
2020-04-10 18:55:47,827 : DEBUG  : saved142
2020-04-10 18:55:47,883 : DEBUG  : saved143
2020-04-10 18:55:47,938 : DEBUG  : saved144
2020-04-10 18:55:47,994 : DEBUG  : saved145
2020-04-10 18:55:48,053 : DEBUG  : saved146
2020-04-10 18:55:48,117 : DEBUG  : saved147
2020-04-10 18:55:48,189 : DEBUG  : saved148
2020-04-10 18:55:48,265 : DEBUG  : saved149
2020-04-10 18:55:48,332 : DEBUG  : saved150
2020-04-10 18:55:48,388 : DEBUG  : saved151
2020-04-10 18:55:48,444 : DEBUG  : saved152
2020-04-10 18:55:48,501 : DEBUG  : saved153
2020-04-10 18:55:48,578 : DEBUG  : saved154
2020-04-10 18:55:48,636 : DEBUG  : saved155
2020-04-10 18:55:48,700 : DEBUG  : saved156
2020-04-10 18:55:48,757 : DEBUG  : saved157
2020-04-10 18:55:48,816 : DEBUG  : saved158
2020-04-10 18:55:48,872 : DEBUG  : saved159
2020-04-10 18:55:48,930 : DEBUG  : saved160
2020-04-10 18:55:48,986 : DEBUG  : saved161
2020-04-10 18:55:49,044 : DEBUG  : saved162
2020-04-10 18:55:49,111 : DEBUG  : saved163
2020-04-10 18:55:49,166 : DEBUG  : saved164
2020-04-10 18:55:49,288 : DEBUG  : saved165
2020-04-10 18:55:49,369 : DEBUG  : saved166
2020-04-10 18:55:49,451 : DEBUG  : saved167
2020-04-10 18:55:49,518 : DEBUG  : saved168
2020-04-10 18:55:49,575 : DEBUG  : saved169
2020-04-10 18:55:49,649 : DEBUG  : saved170
2020-04-10 18:55:49,709 : DEBUG  : saved171
2020-04-10 18:55:49,769 : DEBUG  : saved172
2020-04-10 18:55:49,828 : DEBUG  : saved173
2020-04-10 18:55:49,891 : DEBUG  : saved174
2020-04-10 18:55:49,948 : DEBUG  : saved175
2020-04-10 18:55:50,006 : DEBUG  : saved176
2020-04-10 18:55:50,067 : DEBUG  : saved177
2020-04-10 18:55:50,135 : DEBUG  : saved178
2020-04-10 18:55:50,194 : DEBUG  : saved179
2020-04-10 18:55:50,258 : DEBUG  : saved180
2020-04-10 18:55:50,387 : DEBUG  : saved181
2020-04-10 18:55:50,457 : DEBUG  : saved182
2020-04-10 18:55:50,535 : DEBUG  : saved183
2020-04-10 18:55:50,628 : DEBUG  : saved184
2020-04-10 18:55:50,697 : DEBUG  : saved185
2020-04-10 18:55:50,762 : DEBUG  : saved186
2020-04-10 18:55:50,828 : DEBUG  : saved187
2020-04-10 18:55:50,894 : DEBUG  : saved188
2020-04-10 18:55:50,994 : DEBUG  : saved189
2020-04-10 18:55:51,064 : DEBUG  : saved190
2020-04-10 18:55:51,127 : DEBUG  : saved191
2020-04-10 18:55:51,189 : DEBUG  : saved192
2020-04-10 18:55:51,329 : DEBUG  : saved193
2020-04-10 18:55:51,393 : DEBUG  : saved194
2020-04-10 18:55:51,464 : DEBUG  : saved195
2020-04-10 18:55:51,529 : DEBUG  : saved196
2020-04-10 18:55:51,605 : DEBUG  : saved197
2020-04-10 18:55:51,680 : DEBUG  : saved198
2020-04-10 18:55:51,760 : DEBUG  : saved199
2020-04-10 18:55:51,839 : DEBUG  : saved200
2020-04-10 18:55:51,927 : DEBUG  : saved201
2020-04-10 18:55:51,997 : DEBUG  : saved202
2020-04-10 18:55:52,126 : DEBUG  : saved203
2020-04-10 18:55:52,196 : DEBUG  : saved204
2020-04-10 18:55:52,263 : DEBUG  : saved205
2020-04-10 18:55:52,325 : DEBUG  : saved206
2020-04-10 18:55:52,388 : DEBUG  : saved207
2020-04-10 18:55:52,494 : DEBUG  : saved208
2020-04-10 18:55:52,558 : DEBUG  : saved209
2020-04-10 18:55:52,618 : DEBUG  : saved210
2020-04-10 18:55:52,717 : DEBUG  : saved211
2020-04-10 18:55:52,810 : DEBUG  : saved212
2020-04-10 18:55:52,879 : DEBUG  : saved213
2020-04-10 18:55:52,946 : DEBUG  : saved214
2020-04-10 18:55:53,086 : DEBUG  : saved215
2020-04-10 18:55:53,144 : DEBUG  : saved216
2020-04-10 18:55:53,201 : DEBUG  : saved217
2020-04-10 18:55:53,317 : DEBUG  : saved218
2020-04-10 18:55:53,383 : DEBUG  : saved219
2020-04-10 18:55:53,443 : DEBUG  : saved220
2020-04-10 18:55:53,499 : DEBUG  : saved221
2020-04-10 18:55:53,560 : DEBUG  : saved222
2020-04-10 18:55:53,628 : DEBUG  : saved223
2020-04-10 18:55:53,918 : DEBUG  : saved224
2020-04-10 18:55:55,293 : DEBUG  : saved225
2020-04-10 18:55:55,405 : DEBUG  : saved226
2020-04-10 18:55:55,469 : DEBUG  : saved227
2020-04-10 18:55:55,527 : DEBUG  : saved228
2020-04-10 18:55:55,587 : DEBUG  : saved229
2020-04-10 18:55:55,641 : DEBUG  : saved230
2020-04-10 18:55:55,708 : DEBUG  : saved231
2020-04-10 18:55:55,764 : DEBUG  : saved232
2020-04-10 18:55:55,831 : DEBUG  : saved233
2020-04-10 18:55:55,893 : DEBUG  : saved234
2020-04-10 18:55:55,949 : DEBUG  : saved235
2020-04-10 18:55:56,018 : DEBUG  : saved236
2020-04-10 18:55:56,074 : DEBUG  : saved237
2020-04-10 18:55:56,130 : DEBUG  : saved238
2020-04-10 18:55:56,305 : DEBUG  : saved239
2020-04-10 18:55:56,370 : DEBUG  : saved240
2020-04-10 18:55:56,442 : DEBUG  : saved241
2020-04-10 18:55:56,522 : DEBUG  : saved242
2020-04-10 18:55:56,616 : DEBUG  : saved243
2020-04-10 18:55:56,673 : DEBUG  : saved244
2020-04-10 18:55:56,725 : DEBUG  : saved245
2020-04-10 18:55:56,777 : DEBUG  : saved246
2020-04-10 18:55:56,839 : DEBUG  : saved247
2020-04-10 18:55:56,896 : DEBUG  : saved248
2020-04-10 18:55:57,002 : DEBUG  : saved249
2020-04-10 18:55:57,061 : DEBUG  : saved250
2020-04-10 18:55:57,081 : INFO  : images captured
2020-04-10 18:55:57,082 : INFO  : training started
2020-04-10 18:55:58,837 : DEBUG  : ['jayesh', 'ritvik']
2020-04-10 18:55:58,838 : INFO  : training completed
2020-04-10 18:55:58,839 : DEBUG  : ShelfFile [('faces', ['jayesh', 'ritvik']), ('path', 'E:/Facial-Recognition')]
2020-04-10 18:55:58,845 : INFO  : Application is exiting
2020-04-10 18:56:07,518 : INFO  : Namespace(add_face=None, configure=None, delete_face=None, list=False, recognise=True, reset=False)
2020-04-10 18:56:07,519 : INFO  : Recognising Face
2020-04-10 18:56:59,410 : DEBUG  : ShelfFile [('faces', ['jayesh', 'ritvik']), ('path', 'E:/Facial-Recognition')]
2020-04-10 18:56:59,410 : INFO  : Application is exiting
2020-04-10 19:03:36,906 : INFO  : Namespace(add_face=None, configure=None, delete_face=None, list=False, recognise=True, reset=False)
2020-04-10 19:03:36,907 : INFO  : Recognising Face
2020-04-10 19:05:00,440 : DEBUG  : ShelfFile [('faces', ['jayesh', 'ritvik']), ('path', 'E:/Facial-Recognition')]
2020-04-10 19:05:00,441 : INFO  : Application is exiting
2020-04-10 19:06:13,668 : INFO  : Namespace(add_face='reema', configure=None, delete_face=None, list=False, recognise=False, reset=False)
2020-04-10 19:06:13,670 : INFO  : Adding Face
2020-04-10 19:06:13,670 : INFO  : Starting to capture images
2020-04-10 19:06:16,793 : DEBUG  : saved1
2020-04-10 19:06:16,959 : DEBUG  : saved2
2020-04-10 19:06:17,097 : DEBUG  : saved3
2020-04-10 19:06:17,233 : DEBUG  : saved4
2020-04-10 19:06:17,386 : DEBUG  : saved5
2020-04-10 19:06:17,532 : DEBUG  : saved6
2020-04-10 19:06:17,672 : DEBUG  : saved7
2020-04-10 19:06:17,830 : DEBUG  : saved8
2020-04-10 19:06:17,993 : DEBUG  : saved9
2020-04-10 19:06:18,138 : DEBUG  : saved10
2020-04-10 19:06:18,281 : DEBUG  : saved11
2020-04-10 19:06:18,408 : DEBUG  : saved12
2020-04-10 19:06:18,553 : DEBUG  : saved13
2020-04-10 19:06:18,697 : DEBUG  : saved14
2020-04-10 19:06:18,841 : DEBUG  : saved15
2020-04-10 19:06:18,986 : DEBUG  : saved16
2020-04-10 19:06:19,164 : DEBUG  : saved17
2020-04-10 19:06:19,314 : DEBUG  : saved18
2020-04-10 19:06:19,451 : DEBUG  : saved19
2020-04-10 19:06:19,592 : DEBUG  : saved20
2020-04-10 19:06:19,742 : DEBUG  : saved21
2020-04-10 19:06:19,878 : DEBUG  : saved22
2020-04-10 19:06:20,005 : DEBUG  : saved23
2020-04-10 19:06:20,145 : DEBUG  : saved24
2020-04-10 19:06:20,297 : DEBUG  : saved25
2020-04-10 19:06:20,494 : DEBUG  : saved26
2020-04-10 19:06:20,629 : DEBUG  : saved27
2020-04-10 19:06:20,765 : DEBUG  : saved28
2020-04-10 19:06:20,900 : DEBUG  : saved29
2020-04-10 19:06:21,036 : DEBUG  : saved30
2020-04-10 19:06:21,174 : DEBUG  : saved31
2020-04-10 19:06:21,311 : DEBUG  : saved32
2020-04-10 19:06:21,453 : DEBUG  : saved33
2020-04-10 19:06:21,603 : DEBUG  : saved34
2020-04-10 19:06:21,743 : DEBUG  : saved35
2020-04-10 19:06:21,875 : DEBUG  : saved36
2020-04-10 19:06:22,019 : DEBUG  : saved37
2020-04-10 19:06:22,158 : DEBUG  : saved38
2020-04-10 19:06:22,294 : DEBUG  : saved39
2020-04-10 19:06:22,428 : DEBUG  : saved40
2020-04-10 19:06:22,572 : DEBUG  : saved41
2020-04-10 19:06:22,706 : DEBUG  : saved42
2020-04-10 19:06:22,852 : DEBUG  : saved43
2020-04-10 19:06:23,054 : DEBUG  : saved44
2020-04-10 19:06:23,218 : DEBUG  : saved45
2020-04-10 19:06:23,356 : DEBUG  : saved46
2020-04-10 19:06:23,488 : DEBUG  : saved47
2020-04-10 19:06:23,624 : DEBUG  : saved48
2020-04-10 19:06:23,762 : DEBUG  : saved49
2020-04-10 19:06:23,905 : DEBUG  : saved50
2020-04-10 19:06:24,060 : DEBUG  : saved51
2020-04-10 19:06:24,242 : DEBUG  : saved52
2020-04-10 19:06:24,388 : DEBUG  : saved53
2020-04-10 19:06:24,522 : DEBUG  : saved54
2020-04-10 19:06:24,658 : DEBUG  : saved55
2020-04-10 19:06:24,808 : DEBUG  : saved56
2020-04-10 19:06:24,944 : DEBUG  : saved57
2020-04-10 19:06:25,086 : DEBUG  : saved58
2020-04-10 19:06:25,224 : DEBUG  : saved59
2020-04-10 19:06:25,366 : DEBUG  : saved60
2020-04-10 19:06:25,542 : DEBUG  : saved61
2020-04-10 19:06:25,684 : DEBUG  : saved62
2020-04-10 19:06:25,842 : DEBUG  : saved63
2020-04-10 19:06:25,980 : DEBUG  : saved64
2020-04-10 19:06:26,131 : DEBUG  : saved65
2020-04-10 19:06:26,278 : DEBUG  : saved66
2020-04-10 19:06:26,414 : DEBUG  : saved67
2020-04-10 19:06:26,557 : DEBUG  : saved68
2020-04-10 19:06:26,708 : DEBUG  : saved69
2020-04-10 19:06:26,854 : DEBUG  : saved70
2020-04-10 19:06:26,991 : DEBUG  : saved71
2020-04-10 19:06:27,132 : DEBUG  : saved72
2020-04-10 19:06:27,309 : DEBUG  : saved73
2020-04-10 19:06:27,478 : DEBUG  : saved74
2020-04-10 19:06:27,632 : DEBUG  : saved75
2020-04-10 19:06:27,784 : DEBUG  : saved76
2020-04-10 19:06:27,935 : DEBUG  : saved77
2020-04-10 19:06:28,077 : DEBUG  : saved78
2020-04-10 19:06:28,220 : DEBUG  : saved79
2020-04-10 19:06:28,353 : DEBUG  : saved80
2020-04-10 19:06:28,487 : DEBUG  : saved81
2020-04-10 19:06:28,617 : DEBUG  : saved82
2020-04-10 19:06:28,764 : DEBUG  : saved83
2020-04-10 19:06:28,898 : DEBUG  : saved84
2020-04-10 19:06:29,022 : DEBUG  : saved85
2020-04-10 19:06:29,178 : DEBUG  : saved86
2020-04-10 19:06:29,316 : DEBUG  : saved87
2020-04-10 19:06:29,452 : DEBUG  : saved88
2020-04-10 19:06:29,584 : DEBUG  : saved89
2020-04-10 19:06:29,722 : DEBUG  : saved90
2020-04-10 19:06:29,876 : DEBUG  : saved91
2020-04-10 19:06:30,019 : DEBUG  : saved92
2020-04-10 19:06:30,152 : DEBUG  : saved93
2020-04-10 19:06:30,292 : DEBUG  : saved94
2020-04-10 19:06:30,452 : DEBUG  : saved95
2020-04-10 19:06:30,605 : DEBUG  : saved96
2020-04-10 19:06:30,747 : DEBUG  : saved97
2020-04-10 19:06:30,890 : DEBUG  : saved98
2020-04-10 19:06:31,031 : DEBUG  : saved99
2020-04-10 19:06:31,166 : DEBUG  : saved100
2020-04-10 19:06:31,301 : DEBUG  : saved101
2020-04-10 19:06:31,441 : DEBUG  : saved102
2020-04-10 19:06:31,592 : DEBUG  : saved103
2020-04-10 19:06:31,747 : DEBUG  : saved104
2020-04-10 19:06:31,888 : DEBUG  : saved105
2020-04-10 19:06:32,027 : DEBUG  : saved106
2020-04-10 19:06:32,167 : DEBUG  : saved107
2020-04-10 19:06:32,309 : DEBUG  : saved108
2020-04-10 19:06:32,447 : DEBUG  : saved109
2020-04-10 19:06:32,587 : DEBUG  : saved110
2020-04-10 19:06:32,764 : DEBUG  : saved111
2020-04-10 19:06:32,911 : DEBUG  : saved112
2020-04-10 19:06:33,058 : DEBUG  : saved113
2020-04-10 19:06:33,203 : DEBUG  : saved114
2020-04-10 19:06:33,388 : DEBUG  : saved115
2020-04-10 19:06:33,562 : DEBUG  : saved116
2020-04-10 19:06:33,697 : DEBUG  : saved117
2020-04-10 19:06:33,831 : DEBUG  : saved118
2020-04-10 19:06:34,021 : DEBUG  : saved119
2020-04-10 19:06:34,231 : DEBUG  : saved120
2020-04-10 19:06:34,409 : DEBUG  : saved121
2020-04-10 19:06:34,559 : DEBUG  : saved122
2020-04-10 19:06:34,732 : DEBUG  : saved123
2020-04-10 19:06:34,917 : DEBUG  : saved124
2020-04-10 19:06:35,128 : DEBUG  : saved125
2020-04-10 19:06:35,326 : DEBUG  : saved126
2020-04-10 19:06:35,480 : DEBUG  : saved127
2020-04-10 19:06:35,628 : DEBUG  : saved128
2020-04-10 19:06:35,765 : DEBUG  : saved129
2020-04-10 19:06:35,902 : DEBUG  : saved130
2020-04-10 19:06:36,088 : DEBUG  : saved131
2020-04-10 19:06:36,268 : DEBUG  : saved132
2020-04-10 19:06:36,405 : DEBUG  : saved133
2020-04-10 19:06:36,547 : DEBUG  : saved134
2020-04-10 19:06:36,751 : DEBUG  : saved135
2020-04-10 19:06:36,894 : DEBUG  : saved136
2020-04-10 19:06:37,034 : DEBUG  : saved137
2020-04-10 19:06:37,175 : DEBUG  : saved138
2020-04-10 19:06:37,326 : DEBUG  : saved139
2020-04-10 19:06:37,473 : DEBUG  : saved140
2020-04-10 19:06:37,609 : DEBUG  : saved141
2020-04-10 19:06:37,765 : DEBUG  : saved142
2020-04-10 19:06:37,915 : DEBUG  : saved143
2020-04-10 19:06:38,057 : DEBUG  : saved144
2020-04-10 19:06:38,189 : DEBUG  : saved145
2020-04-10 19:06:38,324 : DEBUG  : saved146
2020-04-10 19:06:38,475 : DEBUG  : saved147
2020-04-10 19:06:38,613 : DEBUG  : saved148
2020-04-10 19:06:38,743 : DEBUG  : saved149
2020-04-10 19:06:38,875 : DEBUG  : saved150
2020-04-10 19:06:39,013 : DEBUG  : saved151
2020-04-10 19:06:39,157 : DEBUG  : saved152
2020-04-10 19:06:39,303 : DEBUG  : saved153
2020-04-10 19:06:39,440 : DEBUG  : saved154
2020-04-10 19:06:39,587 : DEBUG  : saved155
2020-04-10 19:06:39,721 : DEBUG  : saved156
2020-04-10 19:06:39,854 : DEBUG  : saved157
2020-04-10 19:06:39,984 : DEBUG  : saved158
2020-04-10 19:06:40,120 : DEBUG  : saved159
2020-04-10 19:06:40,249 : DEBUG  : saved160
2020-04-10 19:06:40,546 : DEBUG  : saved161
2020-04-10 19:06:40,699 : DEBUG  : saved162
2020-04-10 19:06:40,865 : DEBUG  : saved163
2020-04-10 19:06:41,038 : DEBUG  : saved164
2020-04-10 19:06:41,175 : DEBUG  : saved165
2020-04-10 19:06:41,311 : DEBUG  : saved166
2020-04-10 19:06:41,498 : DEBUG  : saved167
2020-04-10 19:06:41,687 : DEBUG  : saved168
2020-04-10 19:06:41,850 : DEBUG  : saved169
2020-04-10 19:06:41,999 : DEBUG  : saved170
2020-04-10 19:06:42,165 : DEBUG  : saved171
2020-04-10 19:06:42,336 : DEBUG  : saved172
2020-04-10 19:06:42,479 : DEBUG  : saved173
2020-04-10 19:06:42,627 : DEBUG  : saved174
2020-04-10 19:06:42,820 : DEBUG  : saved175
2020-04-10 19:06:43,007 : DEBUG  : saved176
2020-04-10 19:06:43,169 : DEBUG  : saved177
2020-04-10 19:06:43,310 : DEBUG  : saved178
2020-04-10 19:06:43,471 : DEBUG  : saved179
2020-04-10 19:06:43,615 : DEBUG  : saved180
2020-04-10 19:06:43,788 : DEBUG  : saved181
2020-04-10 19:06:43,972 : DEBUG  : saved182
2020-04-10 19:06:44,166 : DEBUG  : saved183
2020-04-10 19:06:44,388 : DEBUG  : saved184
2020-04-10 19:06:44,530 : DEBUG  : saved185
2020-04-10 19:06:44,667 : DEBUG  : saved186
2020-04-10 19:06:44,807 : DEBUG  : saved187
2020-04-10 19:06:44,952 : DEBUG  : saved188
2020-04-10 19:06:45,091 : DEBUG  : saved189
2020-04-10 19:06:45,265 : DEBUG  : saved190
2020-04-10 19:06:45,435 : DEBUG  : saved191
2020-04-10 19:06:45,584 : DEBUG  : saved192
2020-04-10 19:06:45,787 : DEBUG  : saved193
2020-04-10 19:06:45,960 : DEBUG  : saved194
2020-04-10 19:06:46,103 : DEBUG  : saved195
2020-04-10 19:06:46,241 : DEBUG  : saved196
2020-04-10 19:06:46,386 : DEBUG  : saved197
2020-04-10 19:06:46,547 : DEBUG  : saved198
2020-04-10 19:06:46,701 : DEBUG  : saved199
2020-04-10 19:06:46,880 : DEBUG  : saved200
2020-04-10 19:06:47,023 : DEBUG  : saved201
2020-04-10 19:06:47,164 : DEBUG  : saved202
2020-04-10 19:06:47,301 : DEBUG  : saved203
2020-04-10 19:06:47,440 : DEBUG  : saved204
2020-04-10 19:06:47,576 : DEBUG  : saved205
2020-04-10 19:06:47,726 : DEBUG  : saved206
2020-04-10 19:06:47,870 : DEBUG  : saved207
2020-04-10 19:06:48,017 : DEBUG  : saved208
2020-04-10 19:06:48,185 : DEBUG  : saved209
2020-04-10 19:06:48,318 : DEBUG  : saved210
2020-04-10 19:06:48,450 : DEBUG  : saved211
2020-04-10 19:06:48,594 : DEBUG  : saved212
2020-04-10 19:06:48,741 : DEBUG  : saved213
2020-04-10 19:06:48,909 : DEBUG  : saved214
2020-04-10 19:06:49,079 : DEBUG  : saved215
2020-04-10 19:06:49,230 : DEBUG  : saved216
2020-04-10 19:06:49,431 : DEBUG  : saved217
2020-04-10 19:06:49,577 : DEBUG  : saved218
2020-04-10 19:06:49,722 : DEBUG  : saved219
2020-04-10 19:06:49,849 : DEBUG  : saved220
2020-04-10 19:06:49,991 : DEBUG  : saved221
2020-04-10 19:06:50,119 : DEBUG  : saved222
2020-04-10 19:06:50,247 : DEBUG  : saved223
2020-04-10 19:06:50,387 : DEBUG  : saved224
2020-04-10 19:06:50,557 : DEBUG  : saved225
2020-04-10 19:06:50,795 : DEBUG  : saved226
2020-04-10 19:06:50,963 : DEBUG  : saved227
2020-04-10 19:06:51,100 : DEBUG  : saved228
2020-04-10 19:06:51,208 : DEBUG  : saved229
2020-04-10 19:06:51,353 : DEBUG  : saved230
2020-04-10 19:06:51,480 : DEBUG  : saved231
2020-04-10 19:06:51,635 : DEBUG  : saved232
2020-04-10 19:06:51,793 : DEBUG  : saved233
2020-04-10 19:06:51,923 : DEBUG  : saved234
2020-04-10 19:06:52,068 : DEBUG  : saved235
2020-04-10 19:06:52,205 : DEBUG  : saved236
2020-04-10 19:06:52,332 : DEBUG  : saved237
2020-04-10 19:06:52,459 : DEBUG  : saved238
2020-04-10 19:06:52,610 : DEBUG  : saved239
2020-04-10 19:06:52,821 : DEBUG  : saved240
2020-04-10 19:06:52,975 : DEBUG  : saved241
2020-04-10 19:06:53,138 : DEBUG  : saved242
2020-04-10 19:06:53,335 : DEBUG  : saved243
2020-04-10 19:06:53,511 : DEBUG  : saved244
2020-04-10 19:06:53,646 : DEBUG  : saved245
2020-04-10 19:06:53,781 : DEBUG  : saved246
2020-04-10 19:06:53,955 : DEBUG  : saved247
2020-04-10 19:06:54,154 : DEBUG  : saved248
2020-04-10 19:06:54,306 : DEBUG  : saved249
2020-04-10 19:06:54,448 : DEBUG  : saved250
2020-04-10 19:06:54,463 : INFO  : images captured
2020-04-10 19:06:54,463 : INFO  : training started
2020-04-10 19:06:57,014 : DEBUG  : ['jayesh', 'reema', 'ritvik']
2020-04-10 19:06:57,014 : INFO  : training completed
2020-04-10 19:06:57,015 : DEBUG  : ShelfFile [('faces', ['jayesh', 'reema', 'ritvik']), ('path', 'E:/Facial-Recognition')]
2020-04-10 19:06:57,022 : INFO  : Application is exiting
2020-04-10 19:07:33,956 : INFO  : Namespace(add_face=None, configure=None, delete_face=None, list=False, recognise=True, reset=False)
2020-04-10 19:07:33,957 : INFO  : Recognising Face
2020-04-10 19:08:21,173 : DEBUG  : ShelfFile [('faces', ['jayesh', 'reema', 'ritvik']), ('path', 'E:/Facial-Recognition')]
2020-04-10 19:08:21,175 : INFO  : Application is exiting
2020-04-10 19:10:21,801 : INFO  : Namespace(add_face=None, configure=None, delete_face=None, list=False, recognise=True, reset=False)
2020-04-10 19:10:21,801 : INFO  : Recognising Face
2020-04-10 19:10:28,306 : DEBUG  : ShelfFile [('faces', ['jayesh', 'reema', 'ritvik']), ('path', 'E:/Facial-Recognition')]
2020-04-10 19:10:28,306 : INFO  : Application is exiting
2020-04-10 19:11:01,365 : INFO  : Namespace(add_face=None, configure=None, delete_face=None, list=False, recognise=True, reset=False)
2020-04-10 19:11:01,366 : INFO  : Recognising Face
2020-04-10 19:11:10,963 : INFO  : Namespace(add_face=None, configure=None, delete_face=None, list=False, recognise=True, reset=False)
2020-04-10 19:11:10,964 : INFO  : Recognising Face
2020-04-10 19:11:17,433 : INFO  : Namespace(add_face=None, configure=None, delete_face=None, list=False, recognise=True, reset=False)
2020-04-10 19:11:17,434 : INFO  : Recognising Face
2020-04-10 19:11:25,375 : INFO  : Namespace(add_face=None, configure=None, delete_face=None, list=False, recognise=True, reset=False)
2020-04-10 19:11:25,376 : INFO  : Recognising Face
2020-04-10 19:12:22,636 : INFO  : Namespace(add_face=None, configure=None, delete_face=None, list=False, recognise=True, reset=False)
2020-04-10 19:12:22,637 : INFO  : Recognising Face
2020-04-10 19:12:54,813 : INFO  : Namespace(add_face=None, configure=None, delete_face=None, list=False, recognise=True, reset=False)
2020-04-10 19:12:54,814 : INFO  : Recognising Face
2020-04-10 19:13:28,853 : DEBUG  : ShelfFile [('faces', ['jayesh', 'reema', 'ritvik']), ('path', 'E:/Facial-Recognition')]
2020-04-10 19:13:28,855 : INFO  : Application is exiting
2020-04-10 19:15:11,117 : INFO  : Namespace(add_face=None, configure=None, delete_face=None, list=False, recognise=False, reset=True)
2020-04-10 19:15:11,118 : INFO  : reseting application
2020-04-10 19:15:11,536 : INFO  : application reset
2020-04-10 19:15:11,557 : DEBUG  : ShelfFile [('faces', []), ('path', '')]
2020-04-10 19:15:11,572 : INFO  : Application is exiting
